2020-08-29 20:02:15,305 [Worker-0: Loading available Gradle versions] INFO  o.e.b.c.i.u.g.PublishedGradleVersions - Gradle version information cache is up-to-date. Trying to read.
2020-08-29 20:02:43,785 [Worker-20: Building] INFO  o.e.m.c.i.l.LifecycleMappingFactory - Using org.eclipse.m2e.jdt.JarLifecycleMapping lifecycle mapping for MavenProject: com.sapient.week2:DateTimeCalculator:0.0.1-SNAPSHOT @ /Users/karanrahar/Downloads/PJP2-week2/DateTimeCalculator/pom.xml.
2020-08-29 20:02:44,415 [Worker-20: Building] INFO  o.e.m.c.i.embedder.EclipseLogger - Using 'UTF-8' encoding to copy filtered resources.
2020-08-29 20:02:44,415 [Worker-20: Building] INFO  o.e.m.c.i.embedder.EclipseLogger - skip non existing resourceDirectory /Users/karanrahar/Downloads/PJP2-week2/DateTimeCalculator/src/main/resources
2020-08-29 20:02:44,418 [Worker-20: Building] INFO  o.e.m.c.i.embedder.EclipseLogger - Using 'UTF-8' encoding to copy filtered resources.
2020-08-29 20:02:44,418 [Worker-20: Building] INFO  o.e.m.c.i.embedder.EclipseLogger - skip non existing resourceDirectory /Users/karanrahar/Downloads/PJP2-week2/DateTimeCalculator/src/test/resources
2020-08-29 20:02:45,368 [Worker-6: Updating Maven Dependencies] INFO  o.e.m.c.i.l.LifecycleMappingFactory - Using org.eclipse.m2e.jdt.JarLifecycleMapping lifecycle mapping for MavenProject: com.sapient.week2:DateTimeCalculator:0.0.1-SNAPSHOT @ /Users/karanrahar/Downloads/PJP2-week2/DateTimeCalculator/pom.xml.
2020-08-29 20:02:45,841 [Worker-5: Building] INFO  o.e.m.c.i.embedder.EclipseLogger - Using 'UTF-8' encoding to copy filtered resources.
2020-08-29 20:02:45,841 [Worker-5: Building] INFO  o.e.m.c.i.embedder.EclipseLogger - skip non existing resourceDirectory /Users/karanrahar/Downloads/PJP2-week2/DateTimeCalculator/src/main/resources
2020-08-29 20:02:45,843 [Worker-5: Building] INFO  o.e.m.c.i.embedder.EclipseLogger - Using 'UTF-8' encoding to copy filtered resources.
2020-08-29 20:02:45,843 [Worker-5: Building] INFO  o.e.m.c.i.embedder.EclipseLogger - skip non existing resourceDirectory /Users/karanrahar/Downloads/PJP2-week2/DateTimeCalculator/src/test/resources
2020-08-29 20:03:34,893 [Worker-0: Loading available Gradle versions] INFO  o.e.b.c.i.u.g.PublishedGradleVersions - Gradle version information cache is up-to-date. Trying to read.
2020-08-29 20:11:46,417 [Worker-1: Loading available Gradle versions] INFO  o.e.b.c.i.u.g.PublishedGradleVersions - Gradle version information cache is up-to-date. Trying to read.
2020-08-29 20:18:02,330 [Worker-4: Loading available Gradle versions] INFO  o.e.b.c.i.u.g.PublishedGradleVersions - Gradle version information cache is up-to-date. Trying to read.
2020-08-29 20:20:15,332 [Worker-1: Loading available Gradle versions] INFO  o.e.b.c.i.u.g.PublishedGradleVersions - Gradle version information cache is up-to-date. Trying to read.
2020-08-29 20:31:24,392 [Worker-21: Building] INFO  o.e.m.c.i.embedder.EclipseLogger - Using 'UTF-8' encoding to copy filtered resources.
2020-08-29 20:31:24,393 [Worker-21: Building] INFO  o.e.m.c.i.embedder.EclipseLogger - skip non existing resourceDirectory /Users/karanrahar/Downloads/PJP2-week2/DateTimeCalculator/src/main/resources
2020-08-29 20:31:24,395 [Worker-21: Building] INFO  o.e.m.c.i.embedder.EclipseLogger - Using 'UTF-8' encoding to copy filtered resources.
2020-08-29 20:31:24,395 [Worker-21: Building] INFO  o.e.m.c.i.embedder.EclipseLogger - skip non existing resourceDirectory /Users/karanrahar/Downloads/PJP2-week2/DateTimeCalculator/src/test/resources
2020-08-29 20:33:57,891 [Worker-8: Loading available Gradle versions] INFO  o.e.b.c.i.u.g.PublishedGradleVersions - Gradle version information cache is up-to-date. Trying to read.
2020-08-29 20:40:25,777 [Worker-1: Loading available Gradle versions] INFO  o.e.b.c.i.u.g.PublishedGradleVersions - Gradle version information cache is up-to-date. Trying to read.
2020-08-29 20:41:05,708 [Worker-1: Loading available Gradle versions] INFO  o.e.b.c.i.u.g.PublishedGradleVersions - Gradle version information cache is up-to-date. Trying to read.
2020-08-29 20:48:05,394 [Worker-7: Loading available Gradle versions] INFO  o.e.b.c.i.u.g.PublishedGradleVersions - Gradle version information cache is up-to-date. Trying to read.
2020-08-29 20:48:56,576 [Worker-6: Loading available Gradle versions] INFO  o.e.b.c.i.u.g.PublishedGradleVersions - Gradle version information cache is up-to-date. Trying to read.
2020-08-29 20:53:03,597 [Worker-12: Launching CalculatorRunner] INFO  o.e.m.c.i.embedder.EclipseLogger - Using 'UTF-8' encoding to copy filtered resources.
2020-08-29 20:53:03,598 [Worker-12: Launching CalculatorRunner] INFO  o.e.m.c.i.embedder.EclipseLogger - skip non existing resourceDirectory /Users/karanrahar/Downloads/PJP2-week2/DateTimeCalculator/src/main/resources
2020-08-29 20:53:03,600 [Worker-12: Launching CalculatorRunner] INFO  o.e.m.c.i.embedder.EclipseLogger - Using 'UTF-8' encoding to copy filtered resources.
2020-08-29 20:53:03,600 [Worker-12: Launching CalculatorRunner] INFO  o.e.m.c.i.embedder.EclipseLogger - skip non existing resourceDirectory /Users/karanrahar/Downloads/PJP2-week2/DateTimeCalculator/src/test/resources
2020-08-29 21:36:34,627 [Worker-8: Building] INFO  o.e.m.c.i.embedder.EclipseLogger - Using 'UTF-8' encoding to copy filtered resources.
2020-08-29 21:36:34,627 [Worker-8: Building] INFO  o.e.m.c.i.embedder.EclipseLogger - skip non existing resourceDirectory /Users/karanrahar/Downloads/PJP2-week2/DateTimeCalculator/src/main/resources
2020-08-29 21:36:34,628 [Worker-8: Building] INFO  o.e.m.c.i.embedder.EclipseLogger - Using 'UTF-8' encoding to copy filtered resources.
2020-08-29 21:36:34,628 [Worker-8: Building] INFO  o.e.m.c.i.embedder.EclipseLogger - skip non existing resourceDirectory /Users/karanrahar/Downloads/PJP2-week2/DateTimeCalculator/src/test/resources
2020-08-29 21:48:34,603 [Worker-8: Loading available Gradle versions] INFO  o.e.b.c.i.u.g.PublishedGradleVersions - Gradle version information cache is up-to-date. Trying to read.
